[
	{
		"dcLatency": "696",
		"connections": 2,
		"requests": 3870,
		"cashes": {
			"0": "7",
			"1": "50"
		},
		"videos": {
			"0": {
				"economy": {
					"0": 640770,
					"1": 600780
				}
			},
			"1": {
				"economy": {
					"0": 309361,
					"1": 290054
				}
			},
			"5": {
				"economy": {
					"0": 381706,
					"1": 357884
				}
			},
			"7": {
				"economy": {
					"0": 79924,
					"1": 74936
				}
			},
			"10": {
				"economy": {
					"0": 88192,
					"1": 82688
				}
			},
			"46": {
				"economy": {
					"0": 299715,
					"1": 281010
				}
			},
			"89": {
				"economy": {
					"0": 204633,
					"1": 191862
				}
			}
		}
	},
	{
		"dcLatency": "1288",
		"connections": 2,
		"requests": 4004,
		"cashes": {
			"2": "163",
			"9": "153"
		},
		"videos": {
			"0": {
				"economy": {
					"2": 450000,
					"9": 454000
				}
			},
			"1": {
				"economy": {
					"2": 1111500,
					"9": 1121380
				}
			},
			"4": {
				"economy": {
					"2": 576000,
					"9": 581120
				}
			},
			"8": {
				"economy": {
					"2": 337500,
					"9": 340500
				}
			},
			"16": {
				"economy": {
					"2": 1056375,
					"9": 1065765
				}
			},
			"23": {
				"economy": {
					"2": 294750,
					"9": 297370
				}
			},
			"43": {
				"economy": {
					"2": 372375,
					"9": 375685
				}
			},
			"62": {
				"economy": {
					"2": 9000,
					"9": 9080
				}
			}
		}
	},
	{
		"dcLatency": "226",
		"connections": 1,
		"requests": 4125,
		"cashes": {
			"7": "86"
		},
		"videos": {
			"1": {
				"economy": {
					"7": 31920
				}
			},
			"2": {
				"economy": {
					"7": 120540
				}
			},
			"5": {
				"economy": {
					"7": 43960
				}
			},
			"7": {
				"economy": {
					"7": 28560
				}
			},
			"11": {
				"economy": {
					"7": 42140
				}
			},
			"54": {
				"economy": {
					"7": 93940
				}
			},
			"65": {
				"economy": {
					"7": 15260
				}
			},
			"74": {
				"economy": {
					"7": 123900
				}
			}
		}
	},
	{
		"dcLatency": "522",
		"connections": 5,
		"requests": 4882,
		"cashes": {
			"3": "216",
			"5": "155",
			"6": "139",
			"7": "208",
			"8": "145"
		},
		"videos": {
			"0": {
				"economy": {
					"3": 93636,
					"5": 112302,
					"6": 117198,
					"7": 96084,
					"8": 115362
				}
			},
			"2": {
				"economy": {
					"3": 277236,
					"5": 332502,
					"6": 346998,
					"7": 284484,
					"8": 341562
				}
			},
			"3": {
				"economy": {
					"3": 65484,
					"5": 78538,
					"6": 81962,
					"7": 67196,
					"8": 80678
				}
			},
			"8": {
				"economy": {
					"3": 263772,
					"5": 316354,
					"6": 330146,
					"7": 270668,
					"8": 324974
				}
			},
			"24": {
				"economy": {
					"3": 85374,
					"5": 102393,
					"6": 106857,
					"7": 87606,
					"8": 105183
				}
			},
			"26": {
				"economy": {
					"3": 3060,
					"5": 3670,
					"6": 3830,
					"7": 3140,
					"8": 3770
				}
			},
			"27": {
				"economy": {
					"3": 104040,
					"5": 124780,
					"6": 130220,
					"7": 106760,
					"8": 128180
				}
			},
			"54": {
				"economy": {
					"3": 190026,
					"5": 227907,
					"6": 237843,
					"7": 194994,
					"8": 234117
				}
			}
		}
	},
	{
		"dcLatency": "1013",
		"connections": 3,
		"requests": 4957,
		"cashes": {
			"0": "170",
			"1": "22",
			"2": "224"
		},
		"videos": {
			"1": {
				"economy": {
					"0": 745212,
					"1": 876044,
					"2": 697476
				}
			},
			"7": {
				"economy": {
					"0": 180402,
					"1": 212074,
					"2": 168846
				}
			},
			"8": {
				"economy": {
					"0": 156798,
					"1": 184326,
					"2": 146754
				}
			},
			"13": {
				"economy": {
					"0": 386937,
					"1": 454869,
					"2": 362151
				}
			},
			"15": {
				"economy": {
					"0": 621291,
					"1": 730367,
					"2": 581493
				}
			},
			"26": {
				"economy": {
					"0": 163542,
					"1": 192254,
					"2": 153066
				}
			},
			"31": {
				"economy": {
					"0": 493155,
					"1": 579735,
					"2": 461565
				}
			},
			"65": {
				"economy": {
					"0": 780618,
					"1": 917666,
					"2": 730614
				}
			},
			"99": {
				"economy": {
					"0": 650796,
					"1": 765052,
					"2": 609108
				}
			}
		}
	},
	{
		"dcLatency": "321",
		"connections": 4,
		"requests": 5322,
		"cashes": {
			"0": "26",
			"2": "70",
			"8": "159",
			"9": "92"
		},
		"videos": {
			"1": {
				"economy": {
					"0": 15045,
					"2": 12801,
					"8": 8262,
					"9": 11679
				}
			},
			"2": {
				"economy": {
					"0": 251635,
					"2": 214103,
					"8": 138186,
					"9": 195337
				}
			},
			"5": {
				"economy": {
					"0": 199420,
					"2": 169676,
					"8": 109512,
					"9": 154804
				}
			},
			"8": {
				"economy": {
					"0": 275825,
					"2": 234685,
					"8": 151470,
					"9": 214115
				}
			},
			"16": {
				"economy": {
					"0": 182900,
					"2": 155620,
					"8": 100440,
					"9": 141980
				}
			},
			"19": {
				"economy": {
					"0": 220660,
					"2": 187748,
					"8": 121176,
					"9": 171292
				}
			},
			"82": {
				"economy": {
					"0": 212400,
					"2": 180720,
					"8": 116640,
					"9": 164880
				}
			}
		}
	},
	{
		"dcLatency": "1114",
		"connections": 3,
		"requests": 6110,
		"cashes": {
			"1": "202",
			"4": "175",
			"5": "2"
		},
		"videos": {
			"0": {
				"economy": {
					"1": 745104,
					"4": 767163,
					"5": 908504
				}
			},
			"3": {
				"economy": {
					"1": 93936,
					"4": 96717,
					"5": 114536
				}
			},
			"7": {
				"economy": {
					"1": 715920,
					"4": 737115,
					"5": 872920
				}
			},
			"8": {
				"economy": {
					"1": 361152,
					"4": 371844,
					"5": 440352
				}
			},
			"10": {
				"economy": {
					"1": 646608,
					"4": 665751,
					"5": 788408
				}
			},
			"13": {
				"economy": {
					"1": 851808,
					"4": 877026,
					"5": 1038608
				}
			},
			"17": {
				"economy": {
					"1": 551760,
					"4": 568095,
					"5": 672760
				}
			},
			"32": {
				"economy": {
					"1": 653904,
					"4": 673263,
					"5": 797304
				}
			},
			"81": {
				"economy": {
					"1": 109440,
					"4": 112680,
					"5": 133440
				}
			}
		}
	},
	{
		"dcLatency": "365",
		"connections": 5,
		"requests": 6261,
		"cashes": {
			"2": "225",
			"3": "62",
			"5": "141",
			"6": "147",
			"9": "66"
		},
		"videos": {
			"0": {
				"economy": {
					"2": 81200,
					"3": 175740,
					"5": 129920,
					"6": 126440,
					"9": 173420
				}
			},
			"1": {
				"economy": {
					"2": 16240,
					"3": 35148,
					"5": 25984,
					"6": 25288,
					"9": 34684
				}
			},
			"2": {
				"economy": {
					"2": 25060,
					"3": 54237,
					"5": 40096,
					"6": 39022,
					"9": 53521
				}
			},
			"4": {
				"economy": {
					"2": 37240,
					"3": 80598,
					"5": 59584,
					"6": 57988,
					"9": 79534
				}
			},
			"5": {
				"economy": {
					"2": 75180,
					"3": 162711,
					"5": 120288,
					"6": 117066,
					"9": 160563
				}
			},
			"10": {
				"economy": {
					"2": 39200,
					"3": 84840,
					"5": 62720,
					"6": 61040,
					"9": 83720
				}
			},
			"16": {
				"economy": {
					"2": 139440,
					"3": 301788,
					"5": 223104,
					"6": 217128,
					"9": 297804
				}
			},
			"30": {
				"economy": {
					"2": 129780,
					"3": 280881,
					"5": 207648,
					"6": 202086,
					"9": 277173
				}
			}
		}
	},
	{
		"dcLatency": "464",
		"connections": 2,
		"requests": 6496,
		"cashes": {
			"1": "24",
			"8": "25"
		},
		"videos": {
			"0": {
				"economy": {
					"1": 380600,
					"8": 379735
				}
			},
			"1": {
				"economy": {
					"1": 179960,
					"8": 179551
				}
			},
			"2": {
				"economy": {
					"1": 433840,
					"8": 432854
				}
			},
			"3": {
				"economy": {
					"1": 395560,
					"8": 394661
				}
			},
			"6": {
				"economy": {
					"1": 253880,
					"8": 253303
				}
			},
			"10": {
				"economy": {
					"1": 373560,
					"8": 372711
				}
			},
			"16": {
				"economy": {
					"1": 30800,
					"8": 30730
				}
			},
			"34": {
				"economy": {
					"1": 330880,
					"8": 330128
				}
			}
		}
	},
	{
		"dcLatency": "316",
		"connections": 5,
		"requests": 7284,
		"cashes": {
			"4": "236",
			"5": "79",
			"6": "9",
			"7": "53",
			"8": "67"
		},
		"videos": {
			"0": {
				"economy": {
					"4": 69200,
					"5": 205005,
					"6": 265555,
					"7": 227495,
					"8": 215385
				}
			},
			"1": {
				"economy": {
					"4": 16880,
					"5": 50007,
					"6": 64777,
					"7": 55493,
					"8": 52539
				}
			},
			"3": {
				"economy": {
					"4": 19760,
					"5": 58539,
					"6": 75829,
					"7": 64961,
					"8": 61503
				}
			},
			"4": {
				"economy": {
					"4": 68720,
					"5": 203583,
					"6": 263713,
					"7": 225917,
					"8": 213891
				}
			},
			"13": {
				"economy": {
					"4": 19920,
					"5": 59013,
					"6": 76443,
					"7": 65487,
					"8": 62001
				}
			},
			"16": {
				"economy": {
					"4": 7440,
					"5": 22041,
					"6": 28551,
					"7": 24459,
					"8": 23157
				}
			},
			"21": {
				"economy": {
					"4": 70400,
					"5": 208560,
					"6": 270160,
					"7": 231440,
					"8": 219120
				}
			},
			"30": {
				"economy": {
					"4": 70560,
					"5": 209034,
					"6": 270774,
					"7": 231966,
					"8": 219618
				}
			},
			"44": {
				"economy": {
					"4": 21360,
					"5": 63279,
					"6": 81969,
					"7": 70221,
					"8": 66483
				}
			}
		}
	}
]