500
0 4726 4233 4234 3314 4215 9021 4822 2939 1034 2721 9019 2144 719 3926 3316 2136 1042 9007
1 4935 4728 6413 6249 9636 6317 246 7321 7924 6326 7945 6011 4429 7126 7742 2739 2349 8125 3012
2 6316 1017 545 7447 2128 7311 4727 9829 1021 7138 6416 1823 6327 2737 7314 2643 4539 7438 2240
3 542 2735 4914 3536 2787 1917 5414 3743 2934 6419 6014 3936
4 1012 9646 3313 8714 2731 7234 7228 4941 7719 9827 3828 2811 6523 2121 8134 1668 7240 2340
5 348 1038 6628 4217 4237 1439 5022 7948 2049 1025 9842
6 4721 8717 3523 6414 5415 3621 9643 7229 8043 4923 3043 1831 6613 2555
7 3318 2736 8342 4214 6312 5637 5226 1912 6913 2326 7322 9637 9159 7732 4223 148 7949
8 4938 4724 5634 5228 4345 5439 2732 4213 5434 2248 8549 2324 1016 9265 2611 2240
9 2124 4937 9014 543 3627 3622 8111 1919 7939 9619 7946 5412 7347 8722 4326 9244 6613
10 851 5182 9161 4851 204 5051 5692 4153 2192 3584 3111 8671 2943
11 692 971 7074 4824 2764 9493 4573 1022 4033 2714 2911 9722 5443
12 732 774 272 801 1722 389 1671 452 781 828 3251 4891 8982 4034 5482 7652 647 8491
13 3362 9693 1324 6633 5351 6524 4422 3894 4532 5901 4551 5583 2064
14 2203 9551 7983 6592 9261 504 1972 905 7004 9954 4082 2554 9363 5074
15 33 294 594 411 604 229 9443 173 7601 3553 6082 3291 4151 4664 5762
16 9262 9442 364 2394 853 3702 9472 1513 1223 7071 5531 9453 2643
17 901 233 521 895 902 9351 772 8841 4013 2291 2243 4084 9671 8832 7511 9301
18 353 384 291 2061 681 967 5603 560 2161 4893 6744 7101 7204 5064 8005 9968
19 961 2464 243 8824 8634 4501 951 3284 4122 4781 1432 5631 8894 2003 2652 4326
20 8951 6594 7981 3512 6063 4553 7884 6133 1403 6201 5693 7852 3004 8284
21 331 403 8973 344 3793 933 414 6374 7152
22 433 5781 4681 9833 1581 7581 9402 7213 9241 8831 881 7874 527
23 482 451 502 478 4391 4903 2451 7232 7081 443 6653 307 5772 3144
24 143 342 2152 4574 5474 5183 457 9522 3961 9051 5462 2682 9271 6681 1164 5033
25 7903 723 714 332 815 4251 518 3274 2423 6701 2224 1572 4081 1774
26 5872 6573 5601 9353 9303 4362 7933 1201 7662 4061 8502 8121
27 141 544 215 5782 7443 3493 2301 2531 8931 1963 2072 165 8961 9023 2114
28 631 633 333 4293 1694 6503 1032 2783 8004 8354 3451 7001
29 7984 6702 6912 835 7261 3494 7283 8463 1693 4403 9692 1364 8462 5003 2673 9224 8293 3914
30 2463 574 5223 8271 7121 7633 6602 6691 9641 5604 8501 2041 1252
31 7072 768 653 8744 115 7921 7383 9491 2713 8882 1752 5471 6161
32 7904 812 7602 7591 153 9181 2794 9974 3331 8464 5453 1091 8231 4985 3113
33 7503 842 2844 1541 1014 4651 3903 7131 6051 571 2111 5532 4343 5643
34 391 231 461 2392 9593 7223 5072 8712 7743 6624 8733 9463 9930 4176 3012
35 221 814 9301 6993 4704 6273 2972 3044 672 7883 1824 1802 9163 7123 2182 8644
36 214 4684 314 8272 4572 671 7513 2314 802 9414 5491 1554 8154 3661 2052 5251
37 9694 6031 791 1512 9484 9664 665 9640 1342 3123 6034 7922 7481 8794
38 142 874 854 650 534 624 7582 4564 6963 6522 778 1952 1571 1343 3783
39 501 442 491 7611 1534 693 5384 5211 5862 2024 1314 5652 557 311 3704 5341
40 523 6851 7453 5073 8284 3714 3582 6433 3513 9823 6612 1352 5383 234 5553 7153 405
41 464 613 843 223 1672 6213 4132 3473 5293 2961 4632 5715
42 882 904 873 7381 7454 5282 7141 4402 3161 8351 5704 3092 4162 4093 5451 7013 4531 5654 183 4352
43 7451 7192 8423 7032 3233 5102 7343 8153 4911 5744 199 7162 6404
44 773 6964 122 1414 1973 106 319 2852 9763 1702 2653 8543 3103
45 413 1542 7793 2722 2871 4463 6734 6064 2092 3913 7881 2163 6332 8282 7713
46 212 14 734 474 3794 203 1011 514 6103 4834 7134 2704 7193 5962
47 871 144 7901 252 274 6062 6914 8793 6954 7821 124 3964 5323 6631 776 4314
48 304 4071 444 911 4933 1514 2784 8434 9151 424 6671 7991 6343 676 5543
49 261 1962 605 7792 627 2761 5292 4232 5114 4212 8001 6412 6672 8043 1984
50 993 9494 8444 254 8632 7122 862 2302 1122 5932 7942 8823 6101 8431
51 381 3153 552 3041 155 2034 711 5371 7992 686 3962 7802 300 1984
52 172 181 6164 889 4761 7543 8911 8963 9523 3383 340 5322 6492 7699 6938
53 434 804 2863 5754 6674 741 5454 4832 2274 7672 512 1601 5784 716 7713 6554 352 3101 3584 3144
54 193 162 833 2524 6091 912 4032 958 7174 7474 475
55 5783 251 743 503 6101 235 1821 7694 4073 8234 7982 1582 6054 4804 2223 2774
56 582 9132 973 722 8202 190 564 7604 8844 656 242 5492 6271 1004 4462 4401 8922 3521
57 91 281 964 8792 932 2674 682 3152 579 7561 4180 4901
58 864 611 3664 3744 2191 581 822 4161 31 6001 1731 3023
59 54 602 213 511 533 9492 450 312 337 3264 991 3602 7883 3830
60 3662 663 4253 9104 858 7714 6311 6683 8133 8762 3791 5864
61 731 2391 5503 9791 2532 6153 7083 309 6241 750 3263 7024 258 9822 1383 7191 2773 7652 8293
62 952 293 1002 1682 1353 1504 392 2733 376 5112 8363 4154 5224 1932 3194 2183 9731 1763 4027
63 2462 963 361 6992 9691 127 1312 519 8042 9892 5762 2704
64 493 8881 553 394 643 1321 4853 2033 8633 2712 1013 5111
65 263 441 779 763 4782 1552 1533 1673 3034 2842 3753 9483
66 593 694 379 4823 2272 966 1914 6951 2032 6262 6074 1773 8932 6044 3074 6258 925
67 1323 1822 473 6961 2734 713 345 3902 9083 6662 954 4633 2331 2071 3783 7153
68 154 642 292 834 6572 324 6793 149 3051 4522 742 3231 1761 2792 8332 6331 420 9244
69 133 412 4821 24 684 1181 179 123 248 3151 992 3003 8893 7012 3232 8134 5064
70 1964 120 4693 6042 4511 5402 9413 9501 4631 9562 9332 3203 3673 6281
71 712 783 382 326 8981 531 654 140 8711 2782 1463 9534 3514 2123 8193 7762 6141 7732
72 652 794 2102 110 2873 2322 6924 7442 7563 6163 8103 7324 726 1332 3841 8352 8603 9352 3603 4281 9270
73 792 793 440 8064 645 1064 1081 6334 2251 3521 220 5321 3524 410 4962 1611 6889 3032
74 532 7824 471 683 1322 8123 184 4014 7943 1083 5038 3032 8722
75 744 561 982 113 962 253 9154 7344 7142 3792 2414 3432 4912 7088
76 191 974 276 715 769 129 418 401 1931 9848 5962
77 641 301 264 797 701 354 393 950 5011 616 6642 5104 3312 6161 8343 7413
78 813 578 84 224 524 5103 2521 439 9152 2541 7253 8353 200 1784 2983
79 363 112 4783 888 1233 6611 931 740 466 655 3352 5743 9721 1711 7133 1774 8663
80 421 2781 6393 8183 3711 2434 9232 360 6704 7551 3752 1353
81 541 4644 972 7791 646 8883 244 195 201 3174 614 981 245 2304 8891 4824 3894 7762
82 494 7342 299 4901 4722 5442 388 1033 7194 1871 3842 9644 3172 4571
83 492 431 2551 5232 7562 262 2393 1544 2431 6952 1224 6102 1343 4352 7709 9299
84 362 953 7444 7281 3963 6002 1331 943 6713 7154 2413 9713
85 423 7654 6673 5054 4421 5382 282 3643 6944 6261 1625 8062 9903 1534 259
86 691 603 983 183 284 480 733 968 463 6253 3891 3361 7434 4784 8461 8644 1134
87 562 771 762 240 343 703 8731 3522 4963 496 984 7202 9444 9013 1121
88 662 6991 921 704 7651 9764 170 8362 8914 1531 2353 3972 591 259 4561
89 351 572 573 2861 9874 7452 396 9422 2791 3363 7771 6853 5412
90 632 372 210 761 287 506 3262 3121 806 789 6274 2744 860 9283 9273 6547 412
91 724 23 3053 2202 8203 592 934 6852 5024 9521 6672 8743 7392 7413 7733 1412 139 8212 7782 9224
92 422 612 9264 4474 3573 6953 1003 5233 9831 7312 5142 3932 4971 3061 9842
93 944 634 823 551 7282 1411 7412 6854 1134 5504 2074 6622 5953 9364 1454
94 5052 1553 819 883 8642 513 2693 8953 629 5121 462 1063 638 2422 9733 2121
95 7082 7233 484 3581 7382 4653 7414 6392 8822 2143 5752 6251 4494 2892
96 661 8952 7593 1781 601 6434 9424 136 390 4031 3862 6893 9573 625
97 9153 522 1723 7262 755 6621 241 8542 1662 2101 6502 7183 8092 9404 476 3023 5715 5848
98 583 838 1344 271 4363 236 637 3192 4932 3071 9973 925 8104 2932 4311
99 232 152 550 4683 644 1072 852 529 2401 956 6641 147 8431 3074
100 6826 7241 1498 4050 1192 5708 4856 6488 9252 2018 5194 4884 5437
101 5800 5679 7329 9567 8307 6231 7550 4740 7276 6849 9077 5561 2615 7285 8830
102 2647 9857 6286 3755 7205 8074 3771 1313 4600 7885 6630 4679 3111 8994
103 6157 4986 1196 7556 6347 6346 3341 2605 2780 3241 3567 5887 2790 3936 1429
104 4808 9982 9530 2998 9357 3909 7996 8158 4438 5933 9266 8729
105 9312 9225 7586 1908 4954 4038 5334 4902 6279 5639 7320 427
106 1757 1357 1507 7079 2726 2068 8697 486 4299 3303 4180
107 9606 9137 9632 4290 6471 5138 5957 3838 4533 8071 5822 8830 2437 6482
108 5006 6110 6160 2172 3206 4999 7128 6126 9234 3807 1670
109 7925 5769 7327 9031 4538 6805 3222 6606 4793 4639
110 924 1230 7967 8598 5053 5141 2887 9575 7750 6263 6989 2752 7147
111 334 2472 9449 4991 6137 8374 4519 1766 8761 6187 5458 1557
112 211 9610 615 2634 7127 6949 2868 9389 9184 4569 4952 1328 1105 9013
113 720 157 1839 5049 1458 4396 4865 1071 4102 3145 4196 1852 9709
114 696 171 5399 2860 8167 8413 1488 1520
115 22 620 8765 2290 1631 8652 1818 8146 5907 2218 7428 3813 3226 116
116 3530 3565 3501 9746 2667 5152 5558 5004 6822 5027 6365 3543
117 3024 4558 3143 9949 6516 3760 6789 6108 2644 9912 7120 2013 3163
118 273 635 2586 1479 3058 5636 3031 2765 4840 9086 4939 9432 76 7864
119 76 2537 1298 5466 4274 4873 8756 2922 8810 5094 1799 1580 9034 1437 3047 5816 6584
120 877 2568 3198 8905 6120 4130 6747 8076 9065 9435 3184 6467
121 8750 2571 5247 4720 9192 4277 1844 4186 6821 4285 4591 3088 647
122 270 850 3461 5917 6560 2494 3540 4754 2081 5245 8159 4838 7669 7056
123 2279 764 782 5929 9988 2989 5386 5788 1476 2857 6817 9702 6578 5829 9144 3158 9990
124 916 425 7157 6896 1642 2504 1334 5989 8923 8438 8578 3981
125 955 986 736 9040 9187 6900 8674 1362 1152 9786 5662 8836 9545 6404
126 575 8768 8289 3017 4780 5500 7273 4649 1255 4867 1615 1206
127 927 40 548 9073 6832 4883 1780 2517 5117 1687 8391 5494 780
128 878 495 4230 6925 4948 5246 3631 6882 1850 2112 4813 1226 8120 5661 7698 6827
129 630 467 1988 2367 4424 2539 5991 3449 8091 6891 5981
130 483 5330 9280 1468 6936 8410 2042 6978 1295 4481 9089 8406
131 4977 988 6155 2926 4226 9989 9679 6282 4450 6325 5519 8718 8617 4831 6980
132 358 375 836 8724 4087 1144 1585 2077 9380 3048 7530 1897 5538 7419 447 3316
133 808 884 303 408 9576 395 2150 1896 5176 8190 6144 5608 1290 3104 3836 6537
134 918 856 6115 7609 7588 7639 7908 6427 6846 9540 3528 9270
135 537 3653 1075 9461 5664 7415 2933 9861 7166 7624 4685 4926
136 669 4107 1867 7466 4777 8515 6490 7572 2626 2196 4535 5884 745
137 4880 893 4008 8253 3442 9049 3480 6811 1641 8462
138 618 8710 8056 9962 5559 8181 9203 3542 3612 2103 8938 9205
139 158 664 660 7628 8890 8609 4470 1968 6937 4121 2184 5909 9268 5748 7744 2768
140 818 516 1907 3590 3628 2848 2459 3474 4303 1969 9169 2264
141 6048 8012 5346 7069 1186 5285 7995 6766 6599 8296 8968 1740 6827
142 197 194 7201 7408 4195 1304 9517 6089 6030
143 6724 1895 5144 7180 5300 2678 6303 7179 3594 1018 7936 4294 8233
144 7461 2582 1725 3476 4328 9552 5949 8449 6982 5767 2555
145 49 5687 8186 677 3411 6750 6139 5055 8498 9714 4099 6909 5645 4647
146 3084 9110 3831 9673 3823 5982 6371 6800 8727 8902 7509 5156 6082
147 2896 8554 9968 9207 6396 4594 7351 9222 6217 5605 8344 7078 979 9265 5869
148 2215 879 6577 4472 1085 1440 5885 6783 4882 4053 1696 1383
149 4407 4966 9710 2670 8766 9434 7259 1558 7547 8646 5897 8013 3529 2175
150 5401 8025 598 7427 7741 3580 2669 2169 2370 8263
151 894 549 9102 515 839 8785 2007 6193 4526
152 96 239 2785 2289 5660 4048 8845 7379 1335 5968 6154 2342 1956
153 668 8862 9305 6165 6796 8298 2421 8425 1640 2365 7854 8386 2340
154 9316 1663 5086 2654 9157 6971 5840 5347 7767 3261 6772
155 187 160 946 7734 447 1142 9926 7960 4229 6764 7610 7517 205
156 82 137 356 3629 8736 7993 5158 1909 4144 5068 4052 1800 6359 200
157 316 745 5467 4674 5204 9112 2684 9970 8948 4142 8998 5457
158 175 4908 8215 7688 8208 3869 2755 7235 8192 1049 8770 9139
159 83 5335 5674 5731 3739 6460 1756 4275 5477 6410 4861
160 930 526 369 6379 8780 4241 8010 4744 2550 7963 2577 3014 3354
161 329 3843 1195 2900 9577 1056 1039 2190 3576 2341 7367 5713 9147 6307 1759 8251 6692
162 472 759 9011 3600 8821 1169 9820 1595 5192 3302 6445 9580
163 9398 6506 9408 8057 377 8803 6020 5059 2869 6688 2630 1299 7888 3234 9518 5677
164 5389 7249 4505 3613 8050 7494 3326 6680 7365 3068 1987 3102 9834 7219 4855
165 1394 3920 1417 5948 4206 8297 4503 3401 4529 9835
166 5867 5134 3338 5070 1770 5814 5999 5036 3966 2500 4801 9178 7791
167 1708 4588 3772 4017 4983 1227 2126 2062 7462 5586 5775 7519 8512 4346
168 969 409 985 6901 2953 1576 6609 1431 3641
169 4100 6920 6676 7730 7807 9015 5186 6940 7305 2548 6742 5044 1868 5326
170 8850 3625 4541 9597 2249 1453 4862 6337 3486 8031
171 64 150 458 9036 6861 7237 5609 6092 4797 8866 5990 8699 3163 8493 1904
172 6639 3667 1392 8421 2337 2838 5960 3738 1051 5917
173 315 702 180 298 378 680 5552 3453 3050 2766
174 3418 9621 5047 5911 1619 3980 6131 8373 9730 3718 8219 5063
175 250 8416 2515 7156 192 3850 8684 3458 2595 3271 9470 6843 9940
176 609 5961 596 3429 3990 9862 7348 5952 3357 1807 6296
177 540 746 4140 8248 6595 9736 3218 7075 4610 7827 4359 2176 3758 2422
178 979 2329 4323 2402 7915 1246 3534 8382 2420 1606 6049
179 30 34 350 6706 508 824 7197 7755 8989 3116 7456 5892 9543 5831 3081 5507
180 35 489 145 6188 8490 7859 7968 6886 7287 7873 1130 5520 4228 7759 6677 2986
181 207 9784 4589 1760 2444 2008 6444 8676 3502 3665 5261
182 535 5410 4487 4554 7675 6358 6814 2417 1927 5567
183 90 428 709 3820 5131 7352 5153 5188 4614 7843 7739 9991 9846 3329 9681 1043
184 296 499 39 1276 7890 2467 5738 7225 8947 4990 9812 8021 4907 5523
185 89 416 868 5085 9514 2818 6646 7186 9196 4264 3776 4957 9600 569
186 205 99 5119 4708 3279 1626 1587 4818 8324 4559 1658 9281 2904
187 257 255 587 7155 330 2505 4242 6616 3910 6798 3011 8230 6555 2404 7950 7039
188 1127 7680 7040 7027 7023 5426 7799 1161 1574 6386 8114 5030 1176
189 185 1371 6299 7683 7775 1583 1597 9080 1275 1409 8017 2533
190 728 116 4956 4330 7489 4866 346 6623 2621 7839 5215 9800 3304 4843 6049
191 267 8309 4224 4155 5651 4273 2874 8799 6626 6033 2508
192 6417 1102 1515 7476 9186 9313 8147 8078 5302 6902 3497 6867 4980 1041 1986 1750 8116
193 699 3766 928 7801 3072 4624 5481 7385 9379 1279 2165 9445 6687 6141
194 1814 5666 5854 7727 9219 6583 2363 9099 5893 2194 8008 1238
195 780 119 1495 4996 5016 8966 2904 9382 9311 6453 5180 5025 9615 3077
196 7031 5675 8496 3370 1698 9155 3269 7326 9896 2014 4870 3602
197 2396 6227 7622 4452 3923 9792 6348 5151 4690 1278 1971 732
198 10 45 101 941 4828 4849 7409 2186 6224 7627 3526 8254 9965
199 118 325 449 7526 1146 6186 9194 9657 5517 1375 9140 9535 9558 9337 1900 2929
200 6875 2987 7666 9378 6058 7487 4889 8556 1610 6679 3468 7177 3545 1358 2600
201 8140 8389 3745 9450 4489 8650 4332 7686 7570 4191 4176
202 5125 6584 3735 1193 6243 9918 1266 9111 3775 9701 4974 5978 2666
203 1656 5147 4278 2894 5041 3181 7580 3376 6723 2685
204 7676 7841 5440 7546 1559 8846 6933 8053 4846 8220
205 8507 3188 3857 4830 3026 4431 4687 7030 8599 4545 2044 8189
206 5391 7560 2213 1109 3080 1893 1989 4520 9374 9407 1510 3741 3452 4210 5862 8005
207 1892 4289 2668 9236 4177 3716 1644 3800 2740 6558 9651 4709 4035 9129
208 1590 4065 6587 6302 3467 4544 2827 4418 9062 5757 8286 7331 7706
209 5218 8527 4936 5328 1418 4496 2709 6654 2876 9836
210 114 8481 280 6590 2471 9668 4666 3410 3035 2696 5304 3877 7240
211 266 666 1529 9041 6627 4080 2125 9752 2295 4097 1960 9645 6054 1763
212 222 2741 4486 6295 6479 8287 237 5861 3777 9997 9248 1153 9393 1528 2147 5775
213 568 536 977 454 6169 2305 9238 3019 2603 6202 6531 5698 7007
214 366 269 1407 2228 6659 6389 4737 5133 8430 6494 7012
215 896 2167 5179 4814 7907 9466 3835 8000 1191 6378 2897 5966
216 9318 866 3506 7038 9168 2245 6318 8941 2770 5685 4110 4457 5014
217 865 3729 3931 4414 2672 9586 3847 1775 8474 2230 4167 3586
218 2935 770 8069 6289 5773 6708 3951 5061 3129 9050 8185 4090 8224 148
219 4636 8781 4007 4192 5124 5239 7870 2948 1190 2055 4964 7790 4970 2895 9075 3240 9374
220 697 386 289 7638 2157 3681 1864 8670 4736 9395 4129 3750 8209 1401 6451 7968
221 926 651 6415 4786 2610 3626 3378 9932 1492 4128 2599
222 7909 9119 8601 7849 9172 2622 6364 1211 5813 2566 6710 238
223 758 4792 406 2214 6733 8327 6455 6158 1097 6391 9742 1149
224 55 318 1059 6767 6077 7426 5445 7091 7617 6544 5548 4857 9511 5647 9193 1613
225 5433 2830 8452 5560 6500 7388 4642 2589 6693 8213 4368 1405 1496 3877
226 4238 2264 3759 2275 3557 6124 9038 4015 6510 6172 1847 4886 3905
227 50 998 606 4077 584 3866 9300 8605 8089 1560 7129 1566 6635
228 477 597 626 164 9291 3440 7786 752 5563 2662 2903 6357 5641 8210
229 97 9666 2959 1562 1828 1826 5278 1047 4185 2199 8685 8345 1731
230 617 105 8098 9188 8975 5904 2059 7970 6143 7396 6152 1617 3956 6465 4423 84 7120
231 13 9440 8418 6398 2699 7270 9082 4998 9981 8728 5881 9734 5333
232 4 649 7298 6320 6922 8564 5526 3672 6003 1078 5537 4348 6071 6785
233 4187 7817 1980 5592 2454 2576 4746 1925 4699 8377 7673 7557 3238 9138
234 336 8052 8559 5700 3700 5203 7316 6974 2460 1664 5099 9758 2650 952
235 436 8532 9816 7000 6894 705 1347 9475 2185 891 7753 3817 8716
236 4869 1327 1700 8127 8912 3219 8972 2750 1234 9243 8863 625 8491
237 47 899 735 4563 5295 8521 2384 8037 1140 2516 8693 9010 9354 2902 4020 4624
238 829 5429 3505 7587 8227 8696 3764 1497 9071 4358 4694 5348 5672 2115 7615
239 8267 3500 8361 9302 2534 1861 3455 5392 7724 4150 5129 7053
240 648 370 368 525 5525 3859 5308 3827 9115 146 4416 5408 4995 8580 7575 4199
241 25 176 1905 5986 3715 1410 2359 6301 4612 5275 9845 2047 5277 2113 3117 2707 4527
242 380 9108 5522 9304 7808 9627 9847 7218 9698 1281 2345
243 1890 7754 7275 6072 9772 4149 6197 9992 8976 9928 5946 3812 6390
244 5395 7359 5878 4139 7215 2220 1767 8400 1524 4765 719
245 88 530 7333 3899 1944 7366 1537 3953 7957 1104 6014
246 43 546 937 817 1654 6483 1849 2492 1115 4194 5397
247 8260 3392 7697 9735 8046 4168 9340 1565 4717 6530 4750 3454 9871 2412 7709 9404
248 940 295 559 5839 3547 4655 8511 8898 4028 4439 5845 6067 3249 5589 7997 8450
249 7368 1776 4333 1212 8420 8305 3277 1998 5110 5863 3393 105
250 698 3867 3441 1270 6511 8833 4366 9532 8477 9409 1832 8174 5248
251 970 608 830 980 7165 4372 5683 4593 3543 7955 4688 7545 2019 1299
252 687 134 3977 7160 4200 554 9809 5339 6426 8225 217 3463 1058 79 3103
253 247 707 510 6309 6300 3950 588 4810 7927 3648 9133 5818 2986 9533
254 7977 8390 6469 3561 9617 5376 2883 5473 9253 1350 7207 4679
255 51 6425 3270 3563 8570 1420 9076 7059 7377 4513 2872 6938
256 36 65 846 975 3856 6129 8887 7220 3620 1137 5849 9197
257 507 7170 7783 8252 8510 8083 2751 7346 9538 5580 9075 5458
258 79 2030 7774 5778 8889 3796 2453 2690 8984 8399 1859 1871
259 996 917 628 8796 1527 7608 7020 6036 1273 8487 5507 8125
260 359 6675 6996 3046 5450 4806 3854 7499 6458 8371 9028 960 5896 1150 9930
261 906 6607 9766 3525 9689 9760 5149 7472 7781 8590 3110 1121
262 859 117 8566 373 9200 5794 8600 9125 7894 6278 9359 6180
263 225 310 6647 3846 9130 9957 8236 4456 7289 4490 4895 8088 3049 2962 9197
264 8239 5835 9939 9457 7355 8915 6493 6242 7535
265 21 9935 6918 7485 6707 1399 9325 4124 3721 4377 1697 3757
266 288 710 3691 8198 8291 9428 9025 2078 9403 3403 7692 7938 2278 135
267 989 1496 795 3414 3398 4135 6670 8427 2992 4279 6349 6195 8058 7361 6153
268 68 20 189 4819 8740 6370 6345 1632 3539 8131 4787
269 5135 6267 821 2886 959 5554 1244 5913 4909 7198 9510 5821 7296
270 53 8014 2968 4361 5657 7504 6834 8900 9682 8772 2405 7173 2994 3135
271 766 7687 675 3637 9035 3751 2687 4900 1501 5874 1339 4988 6330 9903 5219
272 498 109 2856 3288 9101 1923 8257 7010 8708 6275 9697 5269 9654 2260
273 9114 7043 1710 869 6620 7211 8557 3492 9223 8453 1354 2512
274 4837 8782 6567 6237 2977 7516 9790 5739 6239 2547 3491 6029
275 103 805 5798 2468 8247 9898 399 841 6905 9285 9995 9287 4354 5248 8212 5322
276 942 188 404 6700 6582 8530 4627 5871 6872 8022 6439 6306 2358 7653
277 586 322 6181 2105 1348 2981 5799 3322 9902 2164 8555
278 505 125 886 5703 277 4592 9585 9583 5017 9582 3758 2288 5880
279 260 5034 8937 7161 9116 2118 6987 7868 7397 7707 2627 3987 4845 2005 7756
280 72 7105 2457 8051 2372 6746 5187 4949 9541 6762 6942 3789 4199
281 18 2530 6038 9383 5780 5810 5495 5352 9707 2267 2824 5150 7553 5921
282 857 589 3837 5097 435 6287 2598 9588 9498 3693 2043 7506 3176 4958
283 7 528 159 945 4356 4295 6210 6270 3852 8188 4120 9298 2346 3554 2201 5023 6178 838 9453
284 17 876 8040 4929 7077 8654 4800 6507 7740 8148 3503 2963 4385
285 227 6105 9245 7076 2593 1530 1248 5123 3650 1787
286 785 7248 9487 8068 2843 5899 4583 8666 3762 5711 8094 7369 3052
287 48 577 2355 4735 870 2882 1388 1309 4758 6216 4619 9852 7 7438
288 102 1665 2851 2031 2497 4291 8540 9201 3130 7087 9480 5386
289 767 585 6619 9716 2795 3405 7747 6568 3624 6464 2002 7916 4258 1645 1916
290 168 775 7285 892 156 8302 2238 3349 8142 9782 3804 5838 1471 2858 7029 8920 8105
291 9056 9358 3278 1098 9565 9574 7090 1175 3300 2544 8627 4812 1079
292 2127 6525 5398 9994 2553 6556 6548 5369 8141 5870 7788 6099 4027
293 760 437 913 7559 238 8199 1720 5988 6441 6191 8748
294 708 799 107 285 5964 5257 7026 3808 2140 1788 4342 1128 3109 1095 6712 139 4531
295 7036 8990 2287 6276 4376 8488 7318 2160 7689 2171 6296 8066 2917 2389
296 5448 8897 9335 6209 2399 3178 5139 6658 9237 2538 6112 7335 3814 6538
297 898 8505 4106 4272 5108 7696 1620 5763 5497 6478 6402 9371 1930 7664 4985
298 41 219 688 9216 1084 6890 6000 5430 8885 3265 4475 8529 8994 3119 9496 8269 1287 3077
299 910 4976 6921 800 7118 5126 7825 3085 2481 5096 1668 7266
300 1423 2210 6865 6519 2332 2617 7086 4942 9171 5115 9215 4691 8145 7545
301 3146 1638 7050 3406 1688 5600 7798 3723 9818 3907 2375 9761 7060 8441
302 6351 2284 7021 5075 9937 8137 7512 7533 9783 177 8130
303 7787 1670 7267 2256 1474 2557 6496 8340 7407 9195 7389 5610 3668 1445 9464 9669 7699
304 7956 1762 4158 4321 8495 4587 7716 6929 6235 8455 3327 8910 5175
305 6457 9293 5535 5751 3713 8837 9478 8683 9259 9674 8466 1929 6635 6285
306 1218 9626 9622 8816 1380 7037 3754 6748 1187 4197 4394 2870 8429 5307 4341
307 2486 9349 4243 4507 9481 2810 5963 9948 4769 6168 9966 5804 2028 9755 8069
308 5268 6736 7255 2970 6385 7764 6526 8341 7288 9998 9141 3634 4286 1305 2760
309 8918 1303 1727 8789 1105 6400 2671 9209 1291 4950 9559 1846 3819
310 3 3227 5728 7399 5596 8531 1603 5920 3968 8039 6406 3572 4855 4442
311 1336 209 8878 8720 619 8703 4448 6863 8275 7770 3319 1260
312 6776 5320 6452 2456 2788 5534 3016 9655 7042 7937 6336 1607
313 847 725 570 7486 6979 9295 2079 1622 4266 8009 4051 8278 8055 7525 9908 6021
314 786 576 1940 3535 2925 8624 4892 1546 6823 9495 5680 2867 3380 6030 9461
315 897 479 2819 8870 3431 6666 5622 3994 5046 7558
316 70 520 5587 809 5456 2107 7055 7309 7795 1569 4074 3217 3651
317 908 739 283 1319 6777 5912 2638 6480 5737 8687 5875 5994 4387 6458
318 174 208 1978 6956 5388 2639 2168 8518 9866 4879 7657 1729 7014 5145 2480 3207
319 6859 8895 6512 1865 4412 8864 3195 4079 2327 6586 4179 9278 8294 3882 1238 1858 707
320 93 657 3983 1425 8707 1465 7980 1450 5706 8243 9347 8797 1042 6534
321 5234 1220 2063 7393 3185 8163 4695 4309 1975 7647 3675 5288 8403 2233 2407 420 6986
322 729 9526 3200 8364 1789 4476 3038 7577 1326
323 470 313 9676 8143 3308 6421 6725 2383 6794 4747 9548 8387
324 218 8635 7062 9890 2695 8276 6699 4590 4981 9211 6470
325 1289 5258 4256 5785 6601 6505 1475 9557 1779 6183 9661
326 63 909 5336 7293 6060 6017 6354 2840 3921 1717 3509 3377 9199
327 820 777 268 6266 2754 7181 9156 9372 1815 8539 2029 9623 3230 1125 5340 7575
328 790 840 4955 6543 3057 9723 6397 3485 2950 6538 7975 9499 2771
329 749 6166 1838 5564 5375 8552 8516 5273 1753 3705 7103 3073 2962 4765
330 923 3298 1365 9103 7440 6770 7190 4696 2978 6869 6705 1997 8325 321
331 756 939 1669 2918 8368 4767 1093 1483 5958 6771 2155 1429
332 4654 7210 5684 9090 3385 5974 9900 1627 9976 5240 1523 6550 5758
333 455 3527 2439 1386 9804 6138 8113 8742 5540 8702 9779 2491 7266 1289 4020
334 2197 4060 7865 7435 7064 1284 7833 3885 6192 2597 4874 3066 7623 3089
335 29 135 517 5690 2065 8470 5169 8135 2338 2594 7269 7619 8259 6778
336 419 3373 7437 7358 8767 7137 1883 2318 5997 1524
337 4667 3424 4638 5653 8397 6423 6718 8786 3915 8677 5341
338 690 178 4982 9717 3381 5364 1746 7663 8997 121 3408 7200 2526 4362
339 132 7887 5013 6436 3275 784 9436 8758 5797 6222 4517 6781 3320 3138 7044
340 3086 7114 8572 5628 8888 7274 9027 2330 1686 7017 2247 4951 9598 4035
341 11 297 2070 2488 4575 7104 7895 2616 9160 8118 2930 3199 4670 374 9545
342 4327 1567 4310 1398 5898 8136 6041 3992 890 1092 7375 8612 9528 311
343 6482 4292 6824 5926 6466 5568 5514 3555 3256 8664 5719 9003
344 61 5170 6574 7796 1716 4672 5729 8861 8896 2697 2212
345 16 810 5546 4070 5677 6542 7065 2951 8226 4165 9616 8336 8651 8406
346 825 8249 104 3189 640 7041 7567 1203 5404 3873
347 456 9876 7606 1396 5431 5667 2991 8372 5976 5996 8648 7579
348 52 126 8586 9705 9096 2465 3818 7851 9081 4325 2242 7045 5193 2615
349 754 1435 1262 9370 9026 3701 7844 9905 5297 5726 6528
350 3456 9018 7691 4546 8084 9334 4994 6521 8436 8357 5992
351 8904 9415 6740 3391 2881 7665 3022 7789 3064 8405 4968 5869 4975 5671 5005 5668
352 976 938 355 509 5301 3959 9955 7598 6903 2877 9284 4550 6534 5572 8812 9465
353 4613 3027 1829 4628 5779 8640 8595 7728 8242 3257 9815 847
354 167 5547 9936 4677 1505 832 9400 7605 5590 2518 9990 6959 6561 5163 3883 4661 5756 4269
355 2560 5298 3537 5255 3137 7614 8448 7632 8957 7776 9555 5212 753
356 915 28 86 7278 9708 1451 8907 5555 717 2006 7800 9070 9677 3376
357 27 5941 539 8817 1349 4635 8942 4788 6810 7751 2640 1647
358 8757 9218 5755 6076 3258 5213 4802 4877 6179 4302
359 95 19 2839 3736 8852 6986 5342 7272 1219 4483 2708 3374 9993 9299
360 347 907 1796 6709 9386 2767 4076 6382 4565 2209
361 679 2085 365 3876 6878 7371 1703 4576 4579 2057 9979 3305
362 32 947 7260 6167 2317 6005 7430 2351 6946 6618 4104
363 8 718 5035 3946 2825 3978 8376 1370 8672 5951 4127 1145 6509 7759
364 796 469 1157 3447 1906 4842 8310 4225 7804 8936 4743 9292 4145 3386 208
365 59 5678 8927 1028 1179 4045 8926 1920 2823 1114 5029 6547 3982
366 323 8473 563 4437 8081 1628 7296 5597 8860 5980 9904 5079 4764 9652 6815 9684 6920
367 590 445 621 1294 1208 8216 8483 8988 7243 8713 8245 5922
368 206 488 8045 3345 1866 3404 3037 2333 8980 9718 4375 6376 8663
369 4004 8626 8446 8641 7978 7315 1843 6906 7779 8349
370 487 5787 1481 1884 5168 7116 4260 2984 4499 3436 3008 3832 7133
371 286 417 2058 6614 6541 1881 9008 3337 3242 7313 5945 5020 2875 5747 3020 2114
372 490 827 9688 965 1297 4304 2559 4324 1055 7840 6808 5387 7607 4170
373 42 38 5825 5508 9129 5196 5852 7998 3372 4852
374 357 6130 8319 8138 2885 3148 2635 4380 3593 6475 7349 5122
375 374 166 338 1956 5868 753 9781 7811 5089 8987 2628 6755 7760 2578 5219 369 1625 4377
376 610 689 600 558 398 4126 85 9859 6597 7976 3830 5483 9007 2327
377 636 5509 5362 2458 4542 2820 7720 6085 6775 6381 7015 5270 9777
378 78 845 429 9338 3348 6121 9604 8630 1792 1141
379 230 2369 8808 6234 3425 4905 999 2426 6448 8930 8675 8067 4317 7782
380 5299 1889 5349 2469 6176 9914 9258 1556 8661 3973 1739
381 60 5702 7951 1734 3520 1955 6860 4609 9851 4413 5865 2833 1053 4965 7929
382 3069 4331 3533 6470 3767 8217 3301 7990 9043 9124 5918 1444 6487 1934 5099 5748
383 131 936 3860 7455 5390 1010 9878 4296 8194 9127 1156 8814 4958 6855
384 81 949 371 8264 8746 5220 7835 1941 6774 4751 1878
385 9675 4340 3746 1769 7828 1482 6934 1046 7626 1570 5676 3836
386 26 415 6598 2270 569 8457 6717 9953 6773 6778 4095 6109 4521 5848
387 438 9235 3132 5595 5365 7196 5515 9331 7629 7226 1918 6829 5264
388 3508 2540 9635 8150 6431 8360 8032 1579 8328 4408 2093 6190
389 929 7049 6917 3887 6474 3863 7693 1592 4399 1629 4367 2542 7749 6836
390 320 7340 4705 4181 9802 6010 3937 8645 2239 9519 6387 6218 2
391 5972 6004 4152 1517 2796 6366 8246 3075 6967 7992
392 6 8916 3296 8440 4000 5903 1316 2067 4011 8848 4311
393 56 305 5107 5682 978 7736 6495 8773 6428 9204 6367 5750
394 367 8739 6504 3669 3325 4041 3541 7332 2543 3803 6104 9906 9467
395 738 595 6557 5161 8958 3656 8459 7574 2378 6737 9743 4692 1981 6438 9615
396 7837 5795 3394 2946 3293 8447 8996 5370 4850 8977 8671
397 2 547 751 4449 3657 5056 8241 1376 4339 2109 1050 3134 4107 8812
398 849 278 8011 5995 8858 5355 4904 383 3747 4602 5877 3285 2679 221
399 161 3597 5057 9780 1801 1805 4434 9423 5882 9016 8140
400 6669 5244 3423 1557 7265 1719 8178 4577 8592 5216 3382 4658 9185 6409 4527 8495
401 1207 6388 8790 2050 1652 3719 7738 8538 3164 5902 4257 4660 8571 3944 8910
402 2408 9659 2746 5624 4650 2580 8119 9085 7748 4092 3943 6968 4313 8235 9160
403 3267 8170 2835 6265 7299 8346 6068 2366 4411 5090 7429 5446 6020 7736
404 4755 8615 8033 9208 5857 2231 4917 4111 7360 6973 6065 8177 4909
405 3415 2973 3079 7008 7085 8835 8388 7531 2567 1436 5326 1957 1267 8522 4664
406 3375 5317 4026 3822 3126 9967 7952 6873 7823 8628 8439 6486 9848
407 6025 5155 4218 5468 3422 4133 1695 4646 8979 2947 4697 4047 4108
408 9568 8432 2996 1924 3670 8152 6324 5886 3562 5378 6833 3371
409 3417 8764 5166 4054 3169 7969 1194 4763 1853 3446 6551 9533 5097
410 7510 4062 138 6440 1825 1256 7723 2319 6745 8105 1548 3731 5445 7429
411 216 3297 9838 6052 9797 1834 7549 3797 7552 9401 4091 3364 4400 450
412 3895 6588 9566 4671 2952 4435 7856 8658 5332 3900 3608 6280
413 538 555 6269 7256 4444 1159 6075 3958 8678 8238 2265 2777 2958 3419 9032 4308 5889 1979
414 935 919 831 4134 9066 6739 9123 3106 9047 3099 8899 9602 8969 3544 9807 9608
415 182 4607 1202 2779 3225 5656 7863 1785 1880 9732 1650 6355
416 7356 5093 5065 1992 3982 8157 1691 5338 5276 7169 1921 7613 1674 9323
417 98 4159 5271 9142 5665 4947 5178 3605 1651 4785 1979
418 317 8618 2815 9704 1715 8625 1749 4042 2038 2742 6035
419 2335 3531 8854 1845 9230 2703 6150 7656 8195 9840 9628 2051 6999 8396 6021 9607 7949
420 4766 7028 9920 7431 7304 2590 7151 1419 5611 9744 3216 6549 6465
421 8815 5536 2263 2379 3676 1948 4169 3632 7006 1851 2099 6608
422 837 6840 5359 3954 9366 7641 5173 7303 6928 3286 3774
423 94 4928 1288 3096 4760 3100 6394 9120 5008 6362 2636 3588 7302 7068
424 807 7810 9067 2175 4663 4248 1765 3821 9430 3897 3753
425 727 607 2655 9945 3465 1031 3133 2536 2475 6437 7246 2066 2403 6537
426 685 4920 6926 1902 6116 2570 3095 1953 4379 7763 7508 1117
427 500 335 7457 3379 2666 1430 5259 7448 2878 2294 5040 8079 4888 3969 3215
428 279 3616 5723 9634 5493 1536 3614 7150 8116 352 8193
429 667 430 567 7521 5307 4036 2255 803 7702 4772 9176 6292 9448 9885 3784 7439 843
430 5598 6294 6879 6803 5588 6372 4117 7111 6539
431 2846 7493 5162 9502 7836 2308 3574 8636 5367 7450 5950 9720 7219
432 77 8175 900 4586 1743 9290 6260 5287 5327 8738 7416 7206 2155
433 599 4039 8428 8853 9139 6338 2591 9310 2303 3355 9768 2921 2583
434 57 7718 5705 3703 7317 9653 7338 4420 8669 6149 8049
435 4178 1937 4906 7380 1361 6722 9326 1503 9508 3696 3025 8498
436 196 407 914 8992 2701 6250 7107 6221 2663
437 37 788 1369 5130 8523 1426 6315 6015 9044 3809 1791 1117 3728
438 997 290 5905 1666 7536 4749 5793 4044 737 8778 7460 9839 5043 5643
439 9459 4512 1147 1044 7597 2100 1518 4136 9830 4730 7816
440 46 151 7459 3548 6456 2252 5900 4648 1188 2969 8060 1942 9795 399
441 92 747 6837 8610 1182 8921 5575 5761 4890 7971
442 995 885 706 811 485 9206 8978 2985 1040 4088 2920 7163 876
443 87 327 7490 9256 5815 9690 8250 4580 3365 6259 9004
444 670 826 1728 427 2879 1467 1786 6148 1292 7797 3083 2166 6245 8015 6454
445 957 2135 9595 3985 2806 7301 2800 7277 7336 4973 4203 2128
446 128 7115 861 8686 4389 3167 2727 6809 6972 9260 3000 1898 6603 3006
447 844 987 8681 2060 9747 5658 8077 6636 3549 3939 7650 1205 4365 7864 2892
448 623 855 7569 7307 5157 4341 6804 3683 8480 1882 3202 46
449 1107 2258 8164 1994 6656 1855 6915 3059 9384 5132 6022 2189 6895 7055
450 7048 3182 3660 1466 3193 1958 8513 2083 7108 6447 8711
451 328 6786 5615 2769 8350 4173 8018 4478 8337 6787 1681 9740 8716 1058
452 3888 4066 7357 2624 1340 4702 9485 3236 8560 1360 9416 5358 7350 650
453 186 453 990 8967 8574 1400 6395 5416 2297 5856 4567 1705 7902 3728
454 5 468 887 8804 5701 7721 1264 1111 4665 1888 4300 4347 8484 6170
455 5730 7484 6070 5236 5943 7463 4247 6801 6408 3156 9239 5670 935
456 80 556 228 3460 9069 9306 9872 9771 4491 4349 2828 8029 1752
457 448 1077 7659 9388 9399 7752 4119 3243 4875 8402 6046 4116 1879 6797
458 5069 2476 9317 8579 4556 8548 8608 7745 1586 8038 8906 7772 7845 5437 7997
459 7899 7025 1007 7566 1806 2262 4040 2908 4578 3928 4382 2158 8221 6196 8470 7517
460 130 6467 6203 8020 9941 5424 5353 9149 3464 8643 1066 2685 1110
461 695 9728 8880 1857 9005 8093 3999 4706 5983 2381 8508 8367 6369 1790 1125
462 6258 306 6134 2941 5621 3802 5506 8653 9433 2569 8715 1416 4534 2607 2847 6327
463 15 765 9529 6731 6727 1263 1459 5725 7966 1646 4193 4742
464 9569 8191 1052 1657 6529 4383 3570 7877 3678 6134
465 2730 3518 2979 2936 4307 2719 6339 848 7773 7630 3098 1216 6692 3885
466 798 658 5200 3007 2222 2313 5249 6184 9460 5649 6617 2448 9279
467 639 202 565 9986 4115 9254 4397 9686 5919 8338 7386 2565 9933
468 349 400 6257 7290 1237 4315 7022 1301 5444 8705 3781 7330 7541 8506
469 66 6449 3310 6256 6941 8306 2129 3280 5578 7965 9094 3840 8256 6073
470 730 9507 4734 2418 3149 1655 4771 6125 2328 9482 9377 3428 3504 199
471 6899 5185 3211 5499 5842 7700 1675 4652 5570 6248 5855
472 4086 867 9745 9438 2048 2575 9093 1555 2711 2207 2680 1472 9391 3507 2630
473 5350 8469 426 5770 8035 7469 3596 4698 5356 3330 9107 1950 3427
474 397 1521 6650 5252 2296 6958 2692 6024 4811 5556 2035 4714 4728
475 71 163 922 7616 8117 4854 9867 9233 5449 6593 4369 6931 4606 4967
476 1020 5279 7353 4798 1391 4386 8059 5459 8196 7677 7947 8130 7912
477 8949 6205 6545 5127 8270 3655 8443 1239 2545 9931 7681 7505 2817 6236 3371 4340 7880
478 2382 4222 1200 8308 7143 4946 1516 1005 6990 5834 2832 1138 4626
479 265 302 7880 4240 9344 9563 6749 8099 3190 1678 9592 2217 6095
480 5045 2376 5505 3056 3765 1318 3260 5400 8747 9308 3811 3630 2447 8583 7852 5340
481 100 816 3682 2850 2356 2406 7642 4537 8445 3125 8320 3552 4314
482 863 256 4166 1158 2519 2651 5625 3389 4825 5565 7252 7861 2898
483 948 9887 4629 1345 5418 7806 5936 3438 6648 2572 9030 1634 3884 9023
484 580 1019 1180 2677 8090 7216 3147 5710 5573 3749 9669 6640 8734 7568 3586
485 757 4703 2790 4566 4388 7482 3592 8315 5195 1736 1293 8614
486 226 673 6698 387 308 9711 1087 5081 9199 5551 7784 2485
487 74 748 880 4504 2235 7961 9787 2122 5965 4925 3091 8027 9425 8451 6044
488 108 459 7295 8874 1427 8999 2282 4381 5031 1685 6059 4959 7919
489 446 6468 198 8176 1935 4148 1241 5066 7712 1167 2802 2596 1737 3720 6424
490 6908 1377 4969 2798 6780 1591 5944 4799 5253 6652 1477 6950 2288
491 9 700 1168 1198 1120 2001 8737 3388 9624 6329 7820
492 111 787 1639 8528 8689 5272 7842 5883 4425 8637 4138
493 62 872 1236 2608 2747 1817 4752 4350 1982 1280 6665 3955 1454
494 75 3005 920 6226 9660 1306 9611 5417 9650 1991 1600 7987 4805 3395 6100
495 465 321 1561 9895 3180 2957 9079 2909 5613 3795 4858 5880 5993 2013
496 659 5617 2614 3995 385 4078 1139 5343 3970 8387 1616 5860 5895 7710
497 169 674 9315 3471 4318 8787 2660 4716 3350 8288 7057 9834
498 1 6185 6170 5109 9738 8801 1938 8819 1624 6360 9803 2676 951
499 497 2602 8753 4789 6738 5890 6117 8962 5924 2017 7167
