100
0 46 76 104 239 95 164 357 559 216 555 1368 322 432 882 1137 519 2509 435 592 1579 1462 2329 4048 663 2498 2977 1299 1324 1725 1694 708 531 9517 2045 3069 3457
1 38 107 186 241 242 179 518 99 463 624 180 1353 591 613 1443 362 109 199 1023 538 702 312 1526 5278 1428 1288 1292 409 1427 2262 1743 1408 1597 3198
2 21 22 33 28 32 79 35 87 121 122 97 96 169 193 181 118 351 259 177 389 252 268 196 359 266 352 206 441 286 308 256 371 384 633 1089 543 224 1476 6049 3774 5985
3 71 562 249 276 548 735 725 374 1005 895 581 903 449 313 1765 1714 461 336 1314 776 512 7156 5165 3097 1054 2398 2095 1126 853 1888 994 3205 2942
4 13 65 91 546 383 335 742 433 891 676 1022 666 2436 311 2345 587 654 1186 614 2098 1899 4791 4421 8273 1935 1521 3033 1469 3767 2038 3615 7055 2818
5 24 25 77 207 217 43 524 93 387 574 631 621 236 436 885 846 695 645 1274 627 212 1127 3927 1391 984 3304 747 539 784 859 240 1037 3274 5197 2091 1697 3467 1173 138 6049
6 45 52 89 125 61 178 245 113 101 288 40 225 194 174 50 111 133 378 235 156 253 161 412 247 243 273 197 408 304 585 356 799 319 1502 1958 2076 2153
7 2 53 172 205 143 265 163 47 168 303 183 214 263 375 355 418 402 223 323 283 625 513 281 422 714 434 302 565 343 496 446 968 5526 3106 1310 9517
8 17 36 57 158 261 406 596 219 438 151 429 423 892 2671 404 1287 2172 1172 1948 2928 2878 1039 4316 703 623 652 4356 7597 1734 7702 6046 6939 5247 2608 2888 1225 1679
9 19 12 31 119 138 182 279 262 105 128 232 309 75 204 509 173 248 719 231 552 522 258 727 472 569 687 1619 537 487 1199 1122
10 2871 560 1707 2628 802 1667 870 1660 2804 2950 9086 5638 3593 7345 6790 6252 4602 5463 4779 1392 3890 9053 2466 823 4698 7406 4411 1739 5325 2457 4985 5926 4317 8860 3477 3071 1737
11 11 41 54 48 136 112 142 477 327 3661 475 452 653 284 762 1932 4241 3017 7797 1155 3828 810 2261 664 657 844 1166 1375 5275 3843 2948 2029 4646 236 2060
12 366 275 421 790 878 1298 701 3813 7084 5634 1082 914 1906 3895 805 4514 2007 9246 910 2226 5533 2155 9322 2177 3635 7399 6907 8989 6042 2697 2757 5762 8725 7142 2529 3887 2159 3295 7929 728 5381 3756
13 1271 2464 1293 2546 9677 6943 3262 3251 7242
14 3070 1641 5850 3383 6830 5845 7961 2815 7226 9868 4188 4594 5721 9559 8965 9206 6786 3402 3162 2595 7165 5177 5181 8299 2286 6158 2465 4079 6570 9582 3549 6759 4750 6431 9275 3527 6604 4895 9894
15 42 92 150 772 280 306 561 330 601 660 854 361 5620 2745 2330 628 9957 1024 8614 2291 2295 3013 3082 2114 1463 4498 1766 1527 4300 3141 3221 8164 9021 1903 7151 4288 5482
16 184 848 1116 418 659 2746
17 536 5893 699 759 1710 7818 3735 8015 6797 1352 3923 1030 3123 4343 8476 2145 504 5218 9660 4254 3220 2033 7488 1471 617 6378 6302 9470 1898 1396 4093 4443 4705 5003 6049 8034
18 2036 4781 8703 6787 6475 1243 2680 6552 8100 3688 7047 7990 4147 8694 5969 5822 4883 3410 7482 5148 4558 6202 6596 6923 2834 9688 7100 6501 3233 7984 9792 728
19 1181
20 1052 491 1638 1514 5154 640 1169 1067 958 4225 2150 1290 1678 2979 7606 9562 1168 1919 7347 5001 7748 4408 2849 2228 4984 9561 4662 1698 1404 9749 8454 1771 4654 5502 5193 4688 3172 2659 3497 3441 5526
21 124 403 606 845 398 1350 469 386 3158 1271 1859 1371 683 6703 1105 730 2464 1445 7254 1293 8743 3387 2546 9677 5269 4837 1513 3484 6943 2494 3262 3251 5554 7242 1384 3684 4247
22 220 964 228 459 658 813 2387 843 685 2000 6731 888 1666 9425 6747 1805 3211 2190 1307 1310 5600 5964 8226 4496 2741 2304 1335 1770 7798 7527 1423 4609 8677 2490 1960 3851 2122 2996 7508 9517
23 139 462 1407 611 2479 5604 1071 1429 1042 572 2202 479 3257 3571 1351 6036 3839 2568 5120 1277 3648 8116 1086 4350 7027 2396 1524 8688 5459 3525 5902 2198 1981 5336 2060
24 188 185 203 644 535 305 3210 769 3349 1011 680 426 889 7373 977 1845 7086 1477 1286 983 1500 1184 3952 2956 3301 5052 4824 1800 2812 8601 6408 6238 2187 1728 974 2264 2060 3706 8139 3756
25 2587 1490 4722 1645 1199 1293 2546 9677 6943 2494 3262 3251 7242
26 30 84 66 187 257 2052 299 210 2195 415 890 526 907 342 669 1333 547 473 709 1967 1623 580 1936 3406 9798 1019 778 9017 2297 5041 6074 4051 6137 5361 5005 1420 1388 3194 9040 4090 4070 1850 6577 1656 5959 1290 5526
27 149 221 320 411 443 855 739 417 376 1117 575 1953 2171 8438 1814 5960 2627 6558 693 4152 920 626 901 1954 2020 661 5830 3064 1732 1301 5749 6581 3957 5295
28 63 148 272 234 612 478 1150 791 1788 2576 6424 294 1917 688 492 369 2048 1886 836 4596 1142 3768 4723 4104 3827 2356 2516 1538 9897 7501 9631 621 144 2385 914 5921 6604
29 270 360 490 290 437 442 274 3842 393 880 793 1908 1378 1015 1803 3201 1811 3148 604 1149 1157 1866 1697 1000 760 330 807 380 629 550 1545 727 6604 4895 9894
30 1610 431 2385 1026 602 8740 4378 1904 9948 625 2076 1906 3502 1210 1332 2522 9295 1979 2156 5792 8875 6097 1963 4325 5417 7774 3759 4597 9872 4930 1596 3178 3292 6027 9543 621
31 58 73 399 549 2360 1106 590 301 2078 557 881 1065 582 447 960 1882 445 1783 697 3676 1456 1140 5803 499 3008 8131 5626 529 1088 1990 1989 3252 692 1662 3618 1320 1231 7454 2504 5921 3097
32 34 44 60 83 116 251 339 237 975 619 946 321 307 1185 797 420 4850 622 1741 1663 1706 743 2882 1125 789 1008 493 520 2965 3458 830 3160 4364 5921
33 3119 1141 2447 5754 2037 3639 6946 9500 6539 5823 4964 7208 9896 1592 1224 1059 3609 4820 5545 3328 4172 4047 4523 9140 2933 3686 1682 5264 2695 1115 2666 5255 9013 8751 2425 5169 5322 7699 9933 5434
34 691 1007 1665 9952 1575 333 2300 1942 3764 3911 3794 7279 2986 4685 8076 4474 6604 2619 4133 1647 6571 4895 1700 8806 3773 4539 4788 4417 3516 3643 3125 4667 1742 1534 2713 9894 4977 5862 1737
35 483 7718 8973 3236 7970 5221 4164 4613 3560 2581 9391 4435 8450 8315 4207 5158 3020 7709 3190 8991 7304 4710 4169
36 1797 2506 403 1638 1936 1290 2979 9562 1168 1919 5001 7748 4984 4662 1698 1404 8454 1771 4654 5502 5193 4688 2659 3497 5526
37 141 198 166 1233 191 395 1080 2147 2430 1214 1576 647 1996 1177 1372 6755 1921 4659 6130 1446 1269 5597 4096 4761 5084 6523 2542 4307 3949 5490 6354 1624 4864 2612 5862 2073 1737 1290
38 768 3097 906
39 439 1251 506 2128 7593 1481 2688 979 1973 2990 1197 7182 3751 2222 4302 3272 1849 1171 2416 4160 2404 728 3623 5901 6756 1744 1821 3929 4388 7935 2753 7747 1546 5381 9611
40 405 1880 777 388 2566 3098 972 4849 7574 4314 9664 2137 1792 3651 6751 7215 4675 4381 2596 3217 6554 1053 7055
41 3790 540 1837 3135 372 382 541 3866 2344 1262 814 4255 1213 2545 634 2027 6232 4377 1602 5982 5737 6538 3959 1322 2270 3364 2384 3277 1949 1964 5784 2258 9039 3831
42 935 2862 5973 1789 7431 8871 7854 1263 1643 4126 6261 9836 2484 4568 5066 4972 5860 4719 2341 3174 917 9332 2141 9557 5864 4175 8980 5032 3454 6033 8468 5156 2400 7360 3585 708
43 1988 1128 1876 4680 7112 1513
44 1379 1070 2050 1651 7252 7594 4127 8966 577 4869 8034
45 0 1 6 8 9 10 15 23 14 18 26 20 29 55 51 67 114 70 59 82 108 117 103 81 135 132 171 102 162 332 176 123 397 201 338 255 861 554 1000 2136 1881 7055 5921
46 651 4148 884 7408 1356 2167 1692 4372 3076 1451 8160 3677 9902 6181 9511 8718 5374 4686 8177 3264 5542 2966 4583 5786 4814 6080 9031 5974 3848 9731 5402 9864 4755 3872 2101 5996 6453 5473 4185 7113 6366 8706 1324 5482
47 85 424 1642 2413 6684 5388 1680 2199 2392 8150 5990 2266 9134 9768 7463 8006 3573 5497 2916 5693 6930 2391 9476 4512 8066 2532 8933 9732 7773 2777 5910 5182 3514 1048 2685 2264 3106 7055
48 2041 936 751 1384 1554 1163 1653 7090 745 7384 2469 1344 4497 8355 4672 3684 5728 2863 2178 4821 2988 2825 8616 2920 6336 8326 9433 5547 1191 3561 3825 4476 6227 1312 1104 990 4247 2060
49 202 763 7718 1767 3332 839 1671 996 8973 3236 7970 5221 4164 4613 4331 3560 1844 2581 1716 9391 4435 8450 8315 4207 5158 3020 7709 3190 8991 7304 4710 4169 6165
50 817 919 2513 4995 2941 4242 834 1493 3443 9386 6828 1784 155 691 739 8438 1814 4096 2542 5295 5014 1737
51 9234 8783 6237 7694 3218 3734 3084 9213 6211 6877 7404 7140 5501 2826 8513 1631 3576 7200 4677 4433 9365 5612 1957 4601 2613 5717 7711 6566 2756 5505 8845 9361 9610 3722 4946
52 593 397 7055
53 74 110 246 1866 254 1296 1035 760 807 289 380 1228 4630 8660 2473 1097 3243 1434 2135 2218 909 6094 3548 4848 2094 5429 1315 5222 1056 4838 1758 3358 3164 1077 1748 4525 4478 6035 7712 4023
54 451 1489 5020 6043 9019 8240 3380 4742 4181 8491 7209 6215 2711 8898 441 727 331 561 1361 489 954 935 1304 5011 918 1660 4837 5982
55 80 115 146 134 337 189 460 208 978 1459 655 544 579 801 933 488 1209 370 1246 900 757 860 2337 394 662 2456 6149 468 7064 373 1270 1587 6887 6809
56 825 707 3577 4612 2746 2451 816 2431 6348 3796 8702 5566 9742 1075 4452 7815 5276 6854 2810 5161 4732 2220 8132 7395 5935 7867 6301 7105 3365 3442 7499 3756 485
57 5 131 218 126 200 448 229 349 296 1442 1506 567 480 1336 1156 9566 2348 721 740 1755 1424 3989 2458 5724 2683 2062 5797 5801 7591 4858 4618 9678 3975 2134 3831 708
58 806 9175 850 1007 7279 2986 4685 8076 4474 6604 2619 4133 1647 6571 4895 1700 8806 3773 4539 4788 4417 3516 3643 3125 4667 1742 1534 9894 550
59 605 2060
60 297 3126 1131 4112 1617 2089 123 1504 8743 5269 1513 3484 5554 1619 836 2652 2562 1393 9609 5371 1398 2397 1486 2667 3384 2432 1158 4837 2792 6647 6830 5845 7961 7226 4594 5721 9559
61 94 213 444 916 295 7672 4674 815 2976 530 566 2373 635 2769 2410 3624 1460 7120 5751 3939 524 266 1137 230 126 1706 468 8614 935 9584
62 527 858 379 1503 6044 3429 5672 1383 3604 2474 495 1373 1187 4197 3234 5876 2203 3428 5014 4894 5406 3899 2715 4192 7603 5284 2853 7624 3870
63 367 971 7820 5127 3100 2158 6549 3642 3320 4450 5489 5779 8947 4540 2359 6383 8773 3423 3552 6481 4880 1869 7328 8395 7124 3778 7088 1779 9986 2626 4835 5137 6267 5722 8543 3248 8200 7892
64 6820 3032 3334 3940 6767 1968 9460 9305 5859 6750 9211 3305 5355 8713 1505 7859 4700 5445 3260 6536 7837 5585 8490 8282 3501 5253 3049 9342 7800 8165 5840 3830 5474 9397 6769 6117 9584 6165 8034 1290 1737
65 8055 5412 2460 6629 4584 1108 5965 1491 9693 4549 967 1247 1385 5216 3976 2052 299 1694 2348 1635 1679 734 9464 9021 1903 7151 4725 4288 5482 5819 3095 7811 9434 2085 6830 5845 7961 7226 4594 5721 9559
66 947 1413 4477 7325 6980 2311 2055 1250 6656 9277 4180 4019 5454 6498 8187 3732 6933 7674 8012 7506 4744 3273 5413 2761 6917 3278 4897 2139 4696 2443 7868
67 16 27 37 78 129 157 160 152 88 155 226 767 671 511 400 1264 670 3692 1377 3689 756 2132 1956 2706 1119 746 1588 7687 9493 3293 2791 6205 8518 8428 7122 3946 3769 1387 3266 2060
68 324 517 465 5667 533 1078 9360 8241 2112 1202 924 2471 1139 8733 4138 8466 6745 3603 9355 1577 5817 7792 6760 5435 3574 6896 7342 5022 7509 3740 6163 7831 6356 6600 4959 1703 2265
69 6165
70 56 410 629 2973 650 840 577 5539 1295 1113 1486 2121 9479 1203 9372 253 106 176 298 762 752 2652 626 2562 1393 9609 5371 1398 2397 2667 3384 2432 1158 2792 6647 6304 330 3251
71 350 2477 906 945 5447 723 1239 5195 1867 4088 523 1099 2684 2212 9357 6438 1272 4632 8692 4757 2087 3424 4560 4044 2251 4184 1607 2638 2099 2650 9574 9763 4370 6018 2591 4656 2513 1334 3684 3097
72 328 798 2859 428 856 2433 1190 1215 570 633 1035 579 4630 1434 2218 6094 2094 2261 1056 4838 1758 3358 3164 6035 7712 6830 5845 7961 2815 7226 9868 4188 4594 5721 9559 8965 9206 6786 3162 3549 6431 1384
73 1311 3403 2201 6188 9547 6504 2211 5847 7553 6589 2244 4524 8528 2857 2796 7059 7448 3862 8028 4730 1472 5028 7732 4915 7530 4645 2259 9733 3818 6114 2172 7702 2741 7798 3774 6518 867 8156
74 3502 1210 1332 2522 9295 1979 2156 5792 8875 6097 1963 4325 5417 7774 3759 4597 9872 4930 1596 3178 3292 3660 5403 6716 6027 6991 4797 2427 1304 2848 5011 3149 9543 2274 1447 8034 621
75 147 222 1841 401 1337 489 583 2897 1130 3682 2445 3362 1670 3288 9464 3169 3487 4725 5819 3095 8180 3520 7811 3452 4763 6290 9565 5896 3846 4342 7816 6775 4008 9434 2085 9665 6165
76 2844 2938 1160 8056 3279 1342 6288 5805 563 5251 4422 3408 7102 4878 1870 3979 9949 8095 5607 3852 9317 8699 2708 2912 3182 3992 4484 7207 6392 4868 1355 4374 867 5141 5185 1836 3325 8635 6402 3849 5313 3060 4594 2060
77 447
78 292 391 1913 954 346 467 1677 2664 2579 3700 4162 6480 7316 5558 7658 2793 986 2852 3209 6952 6131 1801 4994 6644 8086 3572 9705 7474 7995 3284 2911 2922 3806 1502 611 572 5276 1352 3756 6049 7055
79 98 238 140 215 291 485 837 706 3983 997 897 385 2983 1235 681 782 3632 3303 1504 1415 5241 5069 1883 1205 7378 2533 4428 3011 1557 87 498 350 260 836 1601 7718 8450 6165
80 287 1572 1815 1217 3708 5479 9794 6410 2424 3166 1055 3743 4726 2614 6057 2063 4320 2842 4526 5209 8663 9528 4341 2869 3418 3291 5124 3449 3495 9461 6352 3666 6334 4739 5763 2060
81 120 209 282 300 1627 521 932 1053 2968 829 1135 2913 1216 736 4281 764 1750 1064 5091 3631 6394 831 2217 3430 5170 3712 3170 1367 6411 2939 4621 2668 5516 8243 8094 9584
82 494 1983 1759 2967 841 578 1615 9711 1937 5144 5419 9320 5512 6990 7253 3471 8342 8297 7459 7975 3856 9842 3493 7852 4694 8643 5957 2880 2717 4018 3300 2676 8375 9653 1671 9584
83 49 779 589 1595 5688 1515 3175 862 1843 2795 1635 8401 407 1044 970 4238 7315 3730 1857 1532 2654 9556 6005 3973 5440 4178 3975
84 86 127 851 3222 3140 440 1147 1620 2126 1256 1180 1275 1829 1232 3412 2380 464 4347 1939 5063 1737 3281 7908 1244 9890 2892 956 2378 9375 6357 7341 7400 5725 3094 3537 2701 1327 4790 5031 4432 9584
85 2652 2562 1393 9609 5371 1398 2397 2144 2667 3384 2432 1158 2792 6647 4194 8409 6967 6304 1619 2199 1486 3251
86 3 4 7 100 68 64 72 69 90 277 230 145 154 227 267 271 269 381 553 498 345 1318 310 599 347 298 1601 1017 912 2886 348 733 9514 7055
87 159 364 470 2334 568 949 2071 976 677 1370 1273 717 1041 6407 281 108 251 774 447 1333 698 709 3160 1180 9948 2950 9086 5638 3593 7345 5463 3890 3071
88 278 766 1223 6025 3915 7777 4928 5778 2475 5731 1571 3400 928 869 3879 7195 957 7481 9593 3044 5546 7181 9203 1570 6226 9208 3753 5507 3704 2674 6831 5931 4146 3345 4171 7734 5296 6955 5668 4500 7727 7117 4841 1583 9054
89 545 726 5350 3137 1823 1480 1134 3883 1495 1154 2712 3176 1172 1318 1601 912 2886 837 479 867 9514 2060
90 331 1260 1752 646 716 720 6012 6160 2209 1808 1110 4329 7266 1068 4551 7085 9967 2322 5552 1405 9054 2485 4829 5905 918 7671 905 7707 4470 1309 1640 896 1977 5012 6573 6689 4357 8378 8381 7756 2899
91 2492 732 3208 4081 4465 3909 2452 9546 9167 1083 4480 4830 9127 1646 4770 8307 4951 7525 6557 2149 7771 1987 3928 4290 8117 4967 2030 9078 2871 2591 2513 3684
92 106 137 551 316 774 1123 211 659 1799 698 260 1583 752 1673 1991 2482 507 803 2696 6166 9906 4361 9607 2191 4366 2805 3659 6064 1334 5519 2067 744 4221 2840 9138 2992 27 3097
93 3535 750 1951 107 9798 1936 1290
94 368 2631 8087 5119 1812 7288 5679 4531 5921
95 392 5390 5977 7386 813 1367 2668
96 365 1361 4914 2240 609 2235 2818 1316 2003 2702 1417 1374 2102 1339 6376 3906 6783 9805 131 548 127 334 480 593 523 467 2309 630 661 1493 1766 9021 1903 5482 7055 7151 4288
97 363 510 334 192 700 542 1478 1395 3488 770 3858 497 1192 1938 430 1738 2092 1807 1258 1492 396 1621 2889 734 7414 3151 1049 630 4301 3397 7155 4947 5065 6102 5951 6906 6379 4142 869
98 341 2665 1740 915 2309 1487 1006 1658 5748 6400 5645 6201 1636 1672 9782 7243 6546 1736 1410 1161 6927 1545 2148 2039 7723 4245 7753 1825 5394 8349 1671
99 39 62 144 153 175 195 190 454 482 326 2478 1582 1902 3110 818 7287 1648 1074 3056 1245 7497 5863 4552 1747 550 5160 2163 7234 8767 3161 1688 1530 686 4258 4869
